Started GET "/" for 127.0.0.1 at 2021-06-09 01:27:17 +0000
  
ActiveRecord::ConnectionNotEstablished (fe_sendauth: no password supplied
):
  
activerecord (6.1.3.2) lib/active_record/connection_adapters/postgresql_adapter.rb:83:in `rescue in new_client'
activerecord (6.1.3.2) lib/active_record/connection_adapters/postgresql_adapter.rb:77:in `new_client'
activerecord (6.1.3.2) lib/active_record/connection_adapters/postgresql_adapter.rb:37:in `postgresql_connection'
activerecord (6.1.3.2) lib/active_record/connection_adapters/abstract/connection_pool.rb:882:in `public_send'
activerecord (6.1.3.2) lib/active_record/connection_adapters/abstract/connection_pool.rb:882:in `new_connection'
activerecord (6.1.3.2) lib/active_record/connection_adapters/abstract/connection_pool.rb:926:in `checkout_new_connection'
activerecord (6.1.3.2) lib/active_record/connection_adapters/abstract/connection_pool.rb:905:in `try_to_checkout_new_connection'
activerecord (6.1.3.2) lib/active_record/connection_adapters/abstract/connection_pool.rb:866:in `acquire_connection'
activerecord (6.1.3.2) lib/active_record/connection_adapters/abstract/connection_pool.rb:588:in `checkout'
activerecord (6.1.3.2) lib/active_record/connection_adapters/abstract/connection_pool.rb:428:in `connection'
activerecord (6.1.3.2) lib/active_record/connection_adapters/abstract/connection_pool.rb:1128:in `retrieve_connection'
activerecord (6.1.3.2) lib/active_record/connection_handling.rb:327:in `retrieve_connection'
activerecord (6.1.3.2) lib/active_record/connection_handling.rb:283:in `connection'
activerecord (6.1.3.2) lib/active_record/migration.rb:611:in `connection'
activerecord (6.1.3.2) lib/active_record/migration.rb:606:in `build_watcher'
activerecord (6.1.3.2) lib/active_record/migration.rb:588:in `block in call'
activerecord (6.1.3.2) lib/active_record/migration.rb:587:in `synchronize'
activerecord (6.1.3.2) lib/active_record/migration.rb:587:in `call'
actionpack (6.1.3.2) lib/action_dispatch/middleware/callbacks.rb:27:in `block in call'
activesupport (6.1.3.2) lib/active_support/callbacks.rb:98:in `run_callbacks'
actionpack (6.1.3.2) lib/action_dispatch/middleware/callbacks.rb:26:in `call'
actionpack (6.1.3.2) lib/action_dispatch/middleware/executor.rb:14:in `call'
actionpack (6.1.3.2) lib/action_dispatch/middleware/actionable_exceptions.rb:18:in `call'
actionpack (6.1.3.2) lib/action_dispatch/middleware/debug_exceptions.rb:29:in `call'
web-console (4.1.0) lib/web_console/middleware.rb:132:in `call_app'
web-console (4.1.0) lib/web_console/middleware.rb:28:in `block in call'
web-console (4.1.0) lib/web_console/middleware.rb:17:in `catch'
web-console (4.1.0) lib/web_console/middleware.rb:17:in `call'
actionpack (6.1.3.2) lib/action_dispatch/middleware/show_exceptions.rb:33:in `call'
railties (6.1.3.2) lib/rails/rack/logger.rb:37:in `call_app'
railties (6.1.3.2) lib/rails/rack/logger.rb:26:in `block in call'
activesupport (6.1.3.2) lib/active_support/tagged_logging.rb:99:in `block in tagged'
activesupport (6.1.3.2) lib/active_support/tagged_logging.rb:37:in `tagged'
activesupport (6.1.3.2) lib/active_support/tagged_logging.rb:99:in `tagged'
railties (6.1.3.2) lib/rails/rack/logger.rb:26:in `call'
sprockets-rails (3.2.2) lib/sprockets/rails/quiet_assets.rb:13:in `call'
actionpack (6.1.3.2) lib/action_dispatch/middleware/remote_ip.rb:81:in `call'
actionpack (6.1.3.2) lib/action_dispatch/middleware/request_id.rb:26:in `call'
rack (2.2.3) lib/rack/method_override.rb:24:in `call'
rack (2.2.3) lib/rack/runtime.rb:22:in `call'
activesupport (6.1.3.2) lib/active_support/cache/strategy/local_cache_middleware.rb:29:in `call'
actionpack (6.1.3.2) lib/action_dispatch/middleware/executor.rb:14:in `call'
actionpack (6.1.3.2) lib/action_dispatch/middleware/static.rb:24:in `call'
rack (2.2.3) lib/rack/sendfile.rb:110:in `call'
actionpack (6.1.3.2) lib/action_dispatch/middleware/host_authorization.rb:98:in `call'
rack-mini-profiler (2.3.2) lib/mini_profiler/profiler.rb:384:in `call'
webpacker (5.4.0) lib/webpacker/dev_server_proxy.rb:25:in `perform_request'
rack-proxy (0.7.0) lib/rack/proxy.rb:63:in `call'
railties (6.1.3.2) lib/rails/engine.rb:539:in `call'
puma (5.3.2) lib/puma/configuration.rb:249:in `call'
puma (5.3.2) lib/puma/request.rb:77:in `block in handle_request'
puma (5.3.2) lib/puma/thread_pool.rb:338:in `with_force_shutdown'
puma (5.3.2) lib/puma/request.rb:76:in `handle_request'
puma (5.3.2) lib/puma/server.rb:438:in `process_client'
puma (5.3.2) lib/puma/thread_pool.rb:145:in `block in spawn_thread'
Started GET "/" for 127.0.0.1 at 2021-06-09 01:38:36 +0000
  [1m[35m (222.9ms)[0m  [1m[35mCREATE TABLE "schema_migrations" ("version" character varying NOT NULL PRIMARY KEY)[0m
  [1m[35m (137.8ms)[0m  [1m[35mCREATE TABLE "ar_internal_metadata" ("key" character varying NOT NULL PRIMARY KEY, "value" character varying, "created_at" timestamp(6) NOT NULL, "updated_at" timestamp(6) NOT NULL)[0m
  [1m[35m (1.9ms)[0m  [1m[34mSELECT "schema_migrations"."version" FROM "schema_migrations" ORDER BY "schema_migrations"."version" ASC[0m
  
ActiveRecord::PendingMigrationError (

Migrations are pending. To resolve this issue, run:

        bin/rails db:migrate RAILS_ENV=development

You have 3 pending migrations:

20210609010924_create_positions.rb
20210609010948_create_skills.rb
20210609011904_create_position_skills.rb


):
  
activerecord (6.1.3.2) lib/active_record/migration.rb:625:in `check_pending!'
activerecord (6.1.3.2) lib/active_record/migration.rb:590:in `block (2 levels) in call'
activesupport (6.1.3.2) lib/active_support/file_update_checker.rb:83:in `execute'
activerecord (6.1.3.2) lib/active_record/migration.rb:595:in `block in call'
activerecord (6.1.3.2) lib/active_record/migration.rb:587:in `synchronize'
activerecord (6.1.3.2) lib/active_record/migration.rb:587:in `call'
actionpack (6.1.3.2) lib/action_dispatch/middleware/callbacks.rb:27:in `block in call'
activesupport (6.1.3.2) lib/active_support/callbacks.rb:98:in `run_callbacks'
actionpack (6.1.3.2) lib/action_dispatch/middleware/callbacks.rb:26:in `call'
actionpack (6.1.3.2) lib/action_dispatch/middleware/executor.rb:14:in `call'
actionpack (6.1.3.2) lib/action_dispatch/middleware/actionable_exceptions.rb:18:in `call'
actionpack (6.1.3.2) lib/action_dispatch/middleware/debug_exceptions.rb:29:in `call'
web-console (4.1.0) lib/web_console/middleware.rb:132:in `call_app'
web-console (4.1.0) lib/web_console/middleware.rb:28:in `block in call'
web-console (4.1.0) lib/web_console/middleware.rb:17:in `catch'
web-console (4.1.0) lib/web_console/middleware.rb:17:in `call'
actionpack (6.1.3.2) lib/action_dispatch/middleware/show_exceptions.rb:33:in `call'
railties (6.1.3.2) lib/rails/rack/logger.rb:37:in `call_app'
railties (6.1.3.2) lib/rails/rack/logger.rb:26:in `block in call'
activesupport (6.1.3.2) lib/active_support/tagged_logging.rb:99:in `block in tagged'
activesupport (6.1.3.2) lib/active_support/tagged_logging.rb:37:in `tagged'
activesupport (6.1.3.2) lib/active_support/tagged_logging.rb:99:in `tagged'
railties (6.1.3.2) lib/rails/rack/logger.rb:26:in `call'
sprockets-rails (3.2.2) lib/sprockets/rails/quiet_assets.rb:13:in `call'
actionpack (6.1.3.2) lib/action_dispatch/middleware/remote_ip.rb:81:in `call'
actionpack (6.1.3.2) lib/action_dispatch/middleware/request_id.rb:26:in `call'
rack (2.2.3) lib/rack/method_override.rb:24:in `call'
rack (2.2.3) lib/rack/runtime.rb:22:in `call'
activesupport (6.1.3.2) lib/active_support/cache/strategy/local_cache_middleware.rb:29:in `call'
actionpack (6.1.3.2) lib/action_dispatch/middleware/executor.rb:14:in `call'
actionpack (6.1.3.2) lib/action_dispatch/middleware/static.rb:24:in `call'
rack (2.2.3) lib/rack/sendfile.rb:110:in `call'
actionpack (6.1.3.2) lib/action_dispatch/middleware/host_authorization.rb:98:in `call'
rack-mini-profiler (2.3.2) lib/mini_profiler/profiler.rb:384:in `call'
webpacker (5.4.0) lib/webpacker/dev_server_proxy.rb:25:in `perform_request'
rack-proxy (0.7.0) lib/rack/proxy.rb:63:in `call'
railties (6.1.3.2) lib/rails/engine.rb:539:in `call'
puma (5.3.2) lib/puma/configuration.rb:249:in `call'
puma (5.3.2) lib/puma/request.rb:77:in `block in handle_request'
puma (5.3.2) lib/puma/thread_pool.rb:338:in `with_force_shutdown'
puma (5.3.2) lib/puma/request.rb:76:in `handle_request'
puma (5.3.2) lib/puma/server.rb:438:in `process_client'
puma (5.3.2) lib/puma/thread_pool.rb:145:in `block in spawn_thread'
  [1m[35m (0.3ms)[0m  [1m[34mSELECT pg_try_advisory_lock(766331795018624310)[0m
  [1m[35m (1.4ms)[0m  [1m[34mSELECT "schema_migrations"."version" FROM "schema_migrations" ORDER BY "schema_migrations"."version" ASC[0m
Migrating to CreatePositions (20210609010924)
  [1m[36mTRANSACTION (0.2ms)[0m  [1m[35mBEGIN[0m
  [1m[35m (90.9ms)[0m  [1m[35mCREATE TABLE "positions" ("id" bigserial primary key, "name" character varying, "created_at" timestamp(6) NOT NULL, "updated_at" timestamp(6) NOT NULL)[0m
  [1m[36mActiveRecord::SchemaMigration Create (1.2ms)[0m  [1m[32mINSERT INTO "schema_migrations" ("version") VALUES ($1) RETURNING "version"[0m  [["version", "20210609010924"]]
  [1m[36mTRANSACTION (1.5ms)[0m  [1m[35mCOMMIT[0m
Migrating to CreateSkills (20210609010948)
  [1m[36mTRANSACTION (0.4ms)[0m  [1m[35mBEGIN[0m
  [1m[35m (86.5ms)[0m  [1m[35mCREATE TABLE "skills" ("id" bigserial primary key, "name" character varying, "created_at" timestamp(6) NOT NULL, "updated_at" timestamp(6) NOT NULL)[0m
  [1m[36mActiveRecord::SchemaMigration Create (0.5ms)[0m  [1m[32mINSERT INTO "schema_migrations" ("version") VALUES ($1) RETURNING "version"[0m  [["version", "20210609010948"]]
  [1m[36mTRANSACTION (0.7ms)[0m  [1m[35mCOMMIT[0m
Migrating to CreatePositionSkills (20210609011904)
  [1m[36mTRANSACTION (0.4ms)[0m  [1m[35mBEGIN[0m
  [1m[35m (50.1ms)[0m  [1m[35mCREATE TABLE "position_skills" ("id" bigserial primary key, "skillId" integer, "positionId" integer, "created_at" timestamp(6) NOT NULL, "updated_at" timestamp(6) NOT NULL)[0m
  [1m[36mActiveRecord::SchemaMigration Create (0.4ms)[0m  [1m[32mINSERT INTO "schema_migrations" ("version") VALUES ($1) RETURNING "version"[0m  [["version", "20210609011904"]]
  [1m[36mTRANSACTION (0.6ms)[0m  [1m[35mCOMMIT[0m
  [1m[36mActiveRecord::InternalMetadata Load (1.4ms)[0m  [1m[34mSELECT "ar_internal_metadata".* FROM "ar_internal_metadata" WHERE "ar_internal_metadata"."key" = $1 LIMIT $2[0m  [["key", "environment"], ["LIMIT", 1]]
  [1m[36mTRANSACTION (0.3ms)[0m  [1m[35mBEGIN[0m
  [1m[36mActiveRecord::InternalMetadata Create (1.9ms)[0m  [1m[32mINSERT INTO "ar_internal_metadata" ("key", "value", "created_at", "updated_at") VALUES ($1, $2, $3, $4) RETURNING "key"[0m  [["key", "environment"], ["value", "development"], ["created_at", "2021-06-09 01:39:32.395752"], ["updated_at", "2021-06-09 01:39:32.395752"]]
  [1m[36mTRANSACTION (0.7ms)[0m  [1m[35mCOMMIT[0m
  [1m[35m (0.5ms)[0m  [1m[34mSELECT pg_advisory_unlock(766331795018624310)[0m
  [1m[35m (1.7ms)[0m  [1m[34mSELECT "schema_migrations"."version" FROM "schema_migrations" ORDER BY "schema_migrations"."version" ASC[0m
Started GET "/" for 127.0.0.1 at 2021-06-09 01:39:53 +0000
  [1m[35m (2.1ms)[0m  [1m[34mSELECT "schema_migrations"."version" FROM "schema_migrations" ORDER BY "schema_migrations"."version" ASC[0m
Processing by Rails::WelcomeController#index as HTML
  Rendering C:/Ruby27-x64/lib/ruby/gems/2.7.0/gems/railties-6.1.3.2/lib/rails/templates/rails/welcome/index.html.erb
  Rendered C:/Ruby27-x64/lib/ruby/gems/2.7.0/gems/railties-6.1.3.2/lib/rails/templates/rails/welcome/index.html.erb (Duration: 34.6ms | Allocations: 339)
Completed 200 OK in 184ms (Views: 37.8ms | ActiveRecord: 0.0ms | Allocations: 2960)


Started GET "/" for 127.0.0.1 at 2021-06-09 02:00:24 +0000
Processing by Rails::WelcomeController#index as HTML
  Rendering C:/Ruby27-x64/lib/ruby/gems/2.7.0/gems/railties-6.1.3.2/lib/rails/templates/rails/welcome/index.html.erb
  Rendered C:/Ruby27-x64/lib/ruby/gems/2.7.0/gems/railties-6.1.3.2/lib/rails/templates/rails/welcome/index.html.erb (Duration: 7.8ms | Allocations: 216)
Completed 200 OK in 16ms (Views: 12.9ms | Allocations: 825)


Started GET "/" for 127.0.0.1 at 2021-06-09 02:01:00 +0000
Processing by PositionsController#index as HTML
  Rendering layout layouts/application.html.erb
  Rendering positions/index.html.erb within layouts/application
  [1m[36mPosition Load (2.8ms)[0m  [1m[34mSELECT "positions".* FROM "positions" ORDER BY "positions"."name" DESC[0m
  ↳ app/views/positions/index.html.erb:14
  Rendered positions/index.html.erb within layouts/application (Duration: 49.2ms | Allocations: 1074)
[Webpacker] Compiling...
[Webpacker] Compiled all packs in C:/Users/Yusif/source/Microverse/Rails/RecruitR/RecruitR/public/packs
[Webpacker] Though the "loose" option was set to "false" in your @babel/preset-env config, it will not be used for @babel/plugin-proposal-private-methods since the "loose" mode option was set to "true" for @babel/plugin-proposal-class-properties.
The "loose" option must be the same for @babel/plugin-proposal-class-properties, @babel/plugin-proposal-private-methods and @babel/plugin-proposal-private-property-in-object (when they are enabled): you can silence this warning by explicitly adding
	["@babel/plugin-proposal-private-methods", { "loose": true }]
to the "plugins" section of your Babel config.
Though the "loose" option was set to "false" in your @babel/preset-env config, it will not be used for @babel/plugin-proposal-private-methods since the "loose" mode option was set to "true" for @babel/plugin-proposal-class-properties.
The "loose" option must be the same for @babel/plugin-proposal-class-properties, @babel/plugin-proposal-private-methods and @babel/plugin-proposal-private-property-in-object (when they are enabled): you can silence this warning by explicitly adding
	["@babel/plugin-proposal-private-methods", { "loose": true }]
to the "plugins" section of your Babel config.
Though the "loose" option was set to "false" in your @babel/preset-env config, it will not be used for @babel/plugin-proposal-private-methods since the "loose" mode option was set to "true" for @babel/plugin-proposal-class-properties.
The "loose" option must be the same for @babel/plugin-proposal-class-properties, @babel/plugin-proposal-private-methods and @babel/plugin-proposal-private-property-in-object (when they are enabled): you can silence this warning by explicitly adding
	["@babel/plugin-proposal-private-methods", { "loose": true }]
to the "plugins" section of your Babel config.
Though the "loose" option was set to "false" in your @babel/preset-env config, it will not be used for @babel/plugin-proposal-private-methods since the "loose" mode option was set to "true" for @babel/plugin-proposal-class-properties.
The "loose" option must be the same for @babel/plugin-proposal-class-properties, @babel/plugin-proposal-private-methods and @babel/plugin-proposal-private-property-in-object (when they are enabled): you can silence this warning by explicitly adding
	["@babel/plugin-proposal-private-methods", { "loose": true }]
to the "plugins" section of your Babel config.
Though the "loose" option was set to "false" in your @babel/preset-env config, it will not be used for @babel/plugin-proposal-private-methods since the "loose" mode option was set to "true" for @babel/plugin-proposal-class-properties.
The "loose" option must be the same for @babel/plugin-proposal-class-properties, @babel/plugin-proposal-private-methods and @babel/plugin-proposal-private-property-in-object (when they are enabled): you can silence this warning by explicitly adding
	["@babel/plugin-proposal-private-methods", { "loose": true }]
to the "plugins" section of your Babel config.
Though the "loose" option was set to "false" in your @babel/preset-env config, it will not be used for @babel/plugin-proposal-private-methods since the "loose" mode option was set to "true" for @babel/plugin-proposal-class-properties.
The "loose" option must be the same for @babel/plugin-proposal-class-properties, @babel/plugin-proposal-private-methods and @babel/plugin-proposal-private-property-in-object (when they are enabled): you can silence this warning by explicitly adding
	["@babel/plugin-proposal-private-methods", { "loose": true }]
to the "plugins" section of your Babel config.

[Webpacker] Hash: e332c6419728fac579d5
Version: webpack 4.46.0
Time: 8745ms
Built at: 06/09/2021 2:01:21 AM
                                     Asset       Size       Chunks                         Chunk Names
    js/application-f826770d917d8a37c1d8.js    125 KiB  application  [emitted] [immutable]  application
js/application-f826770d917d8a37c1d8.js.map    139 KiB  application  [emitted] [dev]        application
                             manifest.json  364 bytes               [emitted]              
Entrypoint application = js/application-f826770d917d8a37c1d8.js js/application-f826770d917d8a37c1d8.js.map
[./app/javascript/channels sync recursive _channel\.js$] ./app/javascript/channels sync _channel\.js$ 160 bytes {application} [built]
[./app/javascript/channels/index.js] 211 bytes {application} [built]
[./app/javascript/packs/application.js] 492 bytes {application} [built]
[./node_modules/webpack/buildin/module.js] (webpack)/buildin/module.js 552 bytes {application} [built]
    + 3 hidden modules

  Rendered layout layouts/application.html.erb (Duration: 20722.5ms | Allocations: 29928)
Completed 200 OK in 20846ms (Views: 20730.0ms | ActiveRecord: 29.0ms | Allocations: 35087)


Started GET "/positions/new" for 127.0.0.1 at 2021-06-09 02:01:42 +0000
Processing by PositionsController#new as HTML
  Rendering layout layouts/application.html.erb
  Rendering positions/new.html.erb within layouts/application
  Rendered positions/_form.html.erb (Duration: 274.2ms | Allocations: 7919)
  Rendered positions/new.html.erb within layouts/application (Duration: 281.0ms | Allocations: 8268)
[Webpacker] Everything's up-to-date. Nothing to do
  Rendered layout layouts/application.html.erb (Duration: 364.6ms | Allocations: 12670)
Completed 200 OK in 424ms (Views: 366.1ms | ActiveRecord: 49.9ms | Allocations: 15466)


Started POST "/positions" for 127.0.0.1 at 2021-06-09 02:01:55 +0000
Processing by PositionsController#create as HTML
  Parameters: {"authenticity_token"=>"[FILTERED]", "position"=>{"name"=>"Frontend Engineer"}, "commit"=>"Create Position"}
  [1m[36mTRANSACTION (0.9ms)[0m  [1m[35mBEGIN[0m
  ↳ app/controllers/positions_controller.rb:27:in `block in create'
  [1m[36mPosition Create (3.5ms)[0m  [1m[32mINSERT INTO "positions" ("name", "created_at", "updated_at") VALUES ($1, $2, $3) RETURNING "id"[0m  [["name", "Frontend Engineer"], ["created_at", "2021-06-09 02:01:55.447320"], ["updated_at", "2021-06-09 02:01:55.447320"]]
  ↳ app/controllers/positions_controller.rb:27:in `block in create'
  [1m[36mTRANSACTION (2.8ms)[0m  [1m[35mCOMMIT[0m
  ↳ app/controllers/positions_controller.rb:27:in `block in create'
Redirected to http://127.0.0.1:3000/positions/1
Completed 302 Found in 21ms (ActiveRecord: 7.3ms | Allocations: 2842)


Started GET "/positions/1" for 127.0.0.1 at 2021-06-09 02:01:55 +0000
Processing by PositionsController#show as HTML
  Parameters: {"id"=>"1"}
  [1m[36mPosition Load (0.9ms)[0m  [1m[34mSELECT "positions".* FROM "positions" WHERE "positions"."id" = $1 LIMIT $2[0m  [["id", 1], ["LIMIT", 1]]
  ↳ app/controllers/positions_controller.rb:62:in `set_position'
  Rendering layout layouts/application.html.erb
  Rendering positions/show.html.erb within layouts/application
  Rendered positions/show.html.erb within layouts/application (Duration: 37.8ms | Allocations: 4403)
  Rendered layout layouts/application.html.erb (Duration: 45.4ms | Allocations: 4467)
Completed 500 Internal Server Error in 70ms (ActiveRecord: 2.2ms | Allocations: 6231)


  
ActionView::Template::Error (undefined method `edit_position_path' for #<ActionView::Base:0x00000000009df8>
Did you mean?  edit_polymorphic_path):
    5:   <%= @position.name %>
    6: </p>
    7: 
    8: <%= link_to 'Edit', edit_position_path(@position) %> |
    9: <%= link_to 'Back', positions_path %>
  
app/views/positions/show.html.erb:8
Started GET "/positions/1" for 127.0.0.1 at 2021-06-09 02:05:24 +0000
Processing by PositionsController#show as HTML
  Parameters: {"id"=>"1"}
  [1m[36mPosition Load (1.4ms)[0m  [1m[34mSELECT "positions".* FROM "positions" WHERE "positions"."id" = $1 LIMIT $2[0m  [["id", 1], ["LIMIT", 1]]
  ↳ app/controllers/positions_controller.rb:62:in `set_position'
  Rendering layout layouts/application.html.erb
  Rendering positions/show.html.erb within layouts/application
  Rendered positions/show.html.erb within layouts/application (Duration: 31.9ms | Allocations: 3976)
  Rendered layout layouts/application.html.erb (Duration: 33.4ms | Allocations: 4040)
Completed 500 Internal Server Error in 42ms (ActiveRecord: 1.4ms | Allocations: 5139)


  
ActionView::Template::Error (undefined method `edit_position_path' for #<ActionView::Base:0x0000000000a208>
Did you mean?  edit_polymorphic_path):
    5:   <%= @position.name %>
    6: </p>
    7: 
    8: <%= link_to 'Edit', edit_position_path(@position) %> |
    9: <%= link_to 'Back', positions_path %>
  
app/views/positions/show.html.erb:8
Started GET "/positions/1" for 127.0.0.1 at 2021-06-09 02:05:33 +0000
Processing by PositionsController#show as HTML
  Parameters: {"id"=>"1"}
  [1m[36mPosition Load (1.1ms)[0m  [1m[34mSELECT "positions".* FROM "positions" WHERE "positions"."id" = $1 LIMIT $2[0m  [["id", 1], ["LIMIT", 1]]
  ↳ app/controllers/positions_controller.rb:62:in `set_position'
  Rendering layout layouts/application.html.erb
  Rendering positions/show.html.erb within layouts/application
  Rendered positions/show.html.erb within layouts/application (Duration: 3.1ms | Allocations: 222)
[Webpacker] Everything's up-to-date. Nothing to do
  Rendered layout layouts/application.html.erb (Duration: 77.7ms | Allocations: 4925)
Completed 200 OK in 104ms (Views: 96.2ms | ActiveRecord: 1.1ms | Allocations: 6756)


Started GET "/positions" for 127.0.0.1 at 2021-06-09 02:05:45 +0000
Processing by PositionsController#index as HTML
  Rendering layout layouts/application.html.erb
  Rendering positions/index.html.erb within layouts/application
  [1m[36mPosition Load (1.2ms)[0m  [1m[34mSELECT "positions".* FROM "positions" ORDER BY "positions"."name" DESC[0m
  ↳ app/views/positions/index.html.erb:14
  Rendered positions/index.html.erb within layouts/application (Duration: 35.5ms | Allocations: 4898)
  Rendered layout layouts/application.html.erb (Duration: 36.6ms | Allocations: 4965)
Completed 500 Internal Server Error in 46ms (ActiveRecord: 1.2ms | Allocations: 5631)


  
ActionView::Template::Error (undefined method `edit_position_path' for #<ActionView::Base:0x0000000000a758>
Did you mean?  edit_polymorphic_path):
    15:       <tr>
    16:         <td><%= position.name %></td>
    17:         <td><%= link_to 'Show', position %></td>
    18:         <td><%= link_to 'Edit', edit_position_path(position) %></td>
    19:         <td><%= link_to 'Destroy', position, method: :delete, data: { confirm: 'Are you sure?' } %></td>
    20:       </tr>
    21:     <% end %>
  
app/views/positions/index.html.erb:18
app/views/positions/index.html.erb:14
Started GET "/positions" for 127.0.0.1 at 2021-06-09 02:06:51 +0000
  
SyntaxError (C:/Users/Yusif/source/Microverse/Rails/RecruitR/RecruitR/config/routes.rb:5: syntax error, unexpected symbol literal, expecting `do' or '{' or '('
  resources :skills, only: [:new, :create]
            ^
C:/Users/Yusif/source/Microverse/Rails/RecruitR/RecruitR/config/routes.rb:8: syntax error, unexpected `end', expecting end-of-input):
  
config/routes.rb:5: syntax error, unexpected symbol literal, expecting `do' or '{' or '('
config/routes.rb:8: syntax error, unexpected `end', expecting end-of-input
config/routes.rb:5: syntax error, unexpected symbol literal, expecting `do' or '{' or '('
config/routes.rb:8: syntax error, unexpected `end', expecting end-of-input
config/routes.rb:5: syntax error, unexpected symbol literal, expecting `do' or '{' or '('
config/routes.rb:8: syntax error, unexpected `end', expecting end-of-input
Started GET "/positions" for 127.0.0.1 at 2021-06-09 02:07:11 +0000
Processing by PositionsController#index as HTML
  Rendering layout layouts/application.html.erb
  Rendering positions/index.html.erb within layouts/application
  [1m[36mPosition Load (12.0ms)[0m  [1m[34mSELECT "positions".* FROM "positions" ORDER BY "positions"."name" DESC[0m
  ↳ app/views/positions/index.html.erb:14
  Rendered positions/index.html.erb within layouts/application (Duration: 63.5ms | Allocations: 2750)
[Webpacker] Everything's up-to-date. Nothing to do
  Rendered layout layouts/application.html.erb (Duration: 145.2ms | Allocations: 7260)
Completed 200 OK in 155ms (Views: 113.2ms | ActiveRecord: 37.1ms | Allocations: 8680)


Started GET "/positions" for 127.0.0.1 at 2021-06-09 02:08:49 +0000
Processing by PositionsController#index as HTML
  Rendering layout layouts/application.html.erb
  Rendering positions/index.html.erb within layouts/application
  [1m[36mPosition Load (1.1ms)[0m  [1m[34mSELECT "positions".* FROM "positions" ORDER BY "positions"."name" DESC[0m
  ↳ app/views/positions/index.html.erb:14
  Rendered positions/index.html.erb within layouts/application (Duration: 17.4ms | Allocations: 2907)
[Webpacker] Everything's up-to-date. Nothing to do
  Rendered layout layouts/application.html.erb (Duration: 87.5ms | Allocations: 7558)
Completed 200 OK in 112ms (Views: 91.6ms | ActiveRecord: 12.1ms | Allocations: 9519)


Started GET "/positions/1/edit" for 127.0.0.1 at 2021-06-09 02:08:54 +0000
Processing by PositionsController#edit as HTML
  Parameters: {"id"=>"1"}
  [1m[36mPosition Load (0.9ms)[0m  [1m[34mSELECT "positions".* FROM "positions" WHERE "positions"."id" = $1 LIMIT $2[0m  [["id", 1], ["LIMIT", 1]]
  ↳ app/controllers/positions_controller.rb:62:in `set_position'
  Rendering layout layouts/application.html.erb
  Rendering positions/edit.html.erb within layouts/application
  Rendered positions/_form.html.erb (Duration: 2.1ms | Allocations: 825)
  Rendered positions/edit.html.erb within layouts/application (Duration: 7.1ms | Allocations: 1214)
[Webpacker] Everything's up-to-date. Nothing to do
  Rendered layout layouts/application.html.erb (Duration: 78.4ms | Allocations: 5713)
Completed 200 OK in 87ms (Views: 79.7ms | ActiveRecord: 0.9ms | Allocations: 7027)


Started GET "/positions" for 127.0.0.1 at 2021-06-09 02:08:57 +0000
Processing by PositionsController#index as HTML
  Rendering layout layouts/application.html.erb
  Rendering positions/index.html.erb within layouts/application
  [1m[36mPosition Load (1.2ms)[0m  [1m[34mSELECT "positions".* FROM "positions" ORDER BY "positions"."name" DESC[0m
  ↳ app/views/positions/index.html.erb:14
  Rendered positions/index.html.erb within layouts/application (Duration: 4.5ms | Allocations: 844)
[Webpacker] Everything's up-to-date. Nothing to do
  Rendered layout layouts/application.html.erb (Duration: 77.9ms | Allocations: 5343)
Completed 200 OK in 82ms (Views: 78.4ms | ActiveRecord: 1.2ms | Allocations: 5882)


Started GET "/positions/1" for 127.0.0.1 at 2021-06-09 02:08:59 +0000
Processing by PositionsController#show as HTML
  Parameters: {"id"=>"1"}
  [1m[36mPosition Load (0.9ms)[0m  [1m[34mSELECT "positions".* FROM "positions" WHERE "positions"."id" = $1 LIMIT $2[0m  [["id", 1], ["LIMIT", 1]]
  ↳ app/controllers/positions_controller.rb:62:in `set_position'
  Rendering layout layouts/application.html.erb
  Rendering positions/show.html.erb within layouts/application
  Rendered positions/show.html.erb within layouts/application (Duration: 3.1ms | Allocations: 246)
[Webpacker] Everything's up-to-date. Nothing to do
  Rendered layout layouts/application.html.erb (Duration: 59.1ms | Allocations: 4757)
Completed 200 OK in 70ms (Views: 60.7ms | ActiveRecord: 0.9ms | Allocations: 5971)


Started GET "/positions" for 127.0.0.1 at 2021-06-09 02:09:02 +0000
Processing by PositionsController#index as HTML
  Rendering layout layouts/application.html.erb
  Rendering positions/index.html.erb within layouts/application
  [1m[36mPosition Load (1.4ms)[0m  [1m[34mSELECT "positions".* FROM "positions" ORDER BY "positions"."name" DESC[0m
  ↳ app/views/positions/index.html.erb:14
  Rendered positions/index.html.erb within layouts/application (Duration: 4.8ms | Allocations: 844)
[Webpacker] Everything's up-to-date. Nothing to do
  Rendered layout layouts/application.html.erb (Duration: 71.2ms | Allocations: 5353)
Completed 200 OK in 75ms (Views: 71.5ms | ActiveRecord: 1.4ms | Allocations: 5892)


Started GET "/positions/new" for 127.0.0.1 at 2021-06-09 02:09:11 +0000
Processing by PositionsController#new as HTML
  Rendering layout layouts/application.html.erb
  Rendering positions/new.html.erb within layouts/application
  Rendered positions/_form.html.erb (Duration: 1.1ms | Allocations: 506)
  Rendered positions/new.html.erb within layouts/application (Duration: 2.8ms | Allocations: 720)
[Webpacker] Everything's up-to-date. Nothing to do
  Rendered layout layouts/application.html.erb (Duration: 74.0ms | Allocations: 5219)
Completed 200 OK in 80ms (Views: 75.5ms | ActiveRecord: 0.0ms | Allocations: 5743)


Started POST "/positions" for 127.0.0.1 at 2021-06-09 02:09:23 +0000
Processing by PositionsController#create as HTML
  Parameters: {"authenticity_token"=>"[FILTERED]", "position"=>{"name"=>"Marketing Content"}, "commit"=>"Create Position"}
  [1m[36mTRANSACTION (1.3ms)[0m  [1m[35mBEGIN[0m
  ↳ app/controllers/positions_controller.rb:27:in `block in create'
  [1m[36mPosition Create (1.3ms)[0m  [1m[32mINSERT INTO "positions" ("name", "created_at", "updated_at") VALUES ($1, $2, $3) RETURNING "id"[0m  [["name", "Marketing Content"], ["created_at", "2021-06-09 02:09:23.775534"], ["updated_at", "2021-06-09 02:09:23.775534"]]
  ↳ app/controllers/positions_controller.rb:27:in `block in create'
  [1m[36mTRANSACTION (4.0ms)[0m  [1m[35mCOMMIT[0m
  ↳ app/controllers/positions_controller.rb:27:in `block in create'
Redirected to http://127.0.0.1:3000/positions/2
Completed 302 Found in 23ms (ActiveRecord: 6.6ms | Allocations: 2664)


Started GET "/positions/2" for 127.0.0.1 at 2021-06-09 02:09:23 +0000
Processing by PositionsController#show as HTML
  Parameters: {"id"=>"2"}
  [1m[36mPosition Load (1.2ms)[0m  [1m[34mSELECT "positions".* FROM "positions" WHERE "positions"."id" = $1 LIMIT $2[0m  [["id", 2], ["LIMIT", 1]]
  ↳ app/controllers/positions_controller.rb:62:in `set_position'
  Rendering layout layouts/application.html.erb
  Rendering positions/show.html.erb within layouts/application
  Rendered positions/show.html.erb within layouts/application (Duration: 0.5ms | Allocations: 106)
[Webpacker] Everything's up-to-date. Nothing to do
  Rendered layout layouts/application.html.erb (Duration: 55.2ms | Allocations: 4605)
Completed 200 OK in 63ms (Views: 56.4ms | ActiveRecord: 1.2ms | Allocations: 5695)


Started GET "/positions" for 127.0.0.1 at 2021-06-09 02:09:26 +0000
Processing by PositionsController#index as HTML
  Rendering layout layouts/application.html.erb
  Rendering positions/index.html.erb within layouts/application
  [1m[36mPosition Load (1.3ms)[0m  [1m[34mSELECT "positions".* FROM "positions" ORDER BY "positions"."name" DESC[0m
  ↳ app/views/positions/index.html.erb:14
  Rendered positions/index.html.erb within layouts/application (Duration: 4.9ms | Allocations: 955)
[Webpacker] Everything's up-to-date. Nothing to do
  Rendered layout layouts/application.html.erb (Duration: 70.8ms | Allocations: 5454)
Completed 200 OK in 74ms (Views: 71.2ms | ActiveRecord: 1.3ms | Allocations: 5992)


Started GET "/positions/new" for 127.0.0.1 at 2021-06-09 02:09:29 +0000
Processing by PositionsController#new as HTML
  Rendering layout layouts/application.html.erb
  Rendering positions/new.html.erb within layouts/application
  Rendered positions/_form.html.erb (Duration: 1.2ms | Allocations: 497)
  Rendered positions/new.html.erb within layouts/application (Duration: 2.1ms | Allocations: 607)
[Webpacker] Everything's up-to-date. Nothing to do
  Rendered layout layouts/application.html.erb (Duration: 60.7ms | Allocations: 5105)
Completed 200 OK in 63ms (Views: 62.3ms | ActiveRecord: 0.0ms | Allocations: 5498)


Started POST "/positions" for 127.0.0.1 at 2021-06-09 02:09:40 +0000
Processing by PositionsController#create as HTML
  Parameters: {"authenticity_token"=>"[FILTERED]", "position"=>{"name"=>"Mobile Developer"}, "commit"=>"Create Position"}
  [1m[36mTRANSACTION (0.8ms)[0m  [1m[35mBEGIN[0m
  ↳ app/controllers/positions_controller.rb:27:in `block in create'
  [1m[36mPosition Create (1.5ms)[0m  [1m[32mINSERT INTO "positions" ("name", "created_at", "updated_at") VALUES ($1, $2, $3) RETURNING "id"[0m  [["name", "Mobile Developer"], ["created_at", "2021-06-09 02:09:40.740454"], ["updated_at", "2021-06-09 02:09:40.740454"]]
  ↳ app/controllers/positions_controller.rb:27:in `block in create'
  [1m[36mTRANSACTION (1.3ms)[0m  [1m[35mCOMMIT[0m
  ↳ app/controllers/positions_controller.rb:27:in `block in create'
Redirected to http://127.0.0.1:3000/positions/3
Completed 302 Found in 15ms (ActiveRecord: 3.6ms | Allocations: 2634)


Started GET "/positions/3" for 127.0.0.1 at 2021-06-09 02:09:40 +0000
Processing by PositionsController#show as HTML
  Parameters: {"id"=>"3"}
  [1m[36mPosition Load (0.6ms)[0m  [1m[34mSELECT "positions".* FROM "positions" WHERE "positions"."id" = $1 LIMIT $2[0m  [["id", 3], ["LIMIT", 1]]
  ↳ app/controllers/positions_controller.rb:62:in `set_position'
  Rendering layout layouts/application.html.erb
  Rendering positions/show.html.erb within layouts/application
  Rendered positions/show.html.erb within layouts/application (Duration: 0.5ms | Allocations: 104)
[Webpacker] Everything's up-to-date. Nothing to do
  Rendered layout layouts/application.html.erb (Duration: 57.8ms | Allocations: 4613)
Completed 200 OK in 64ms (Views: 59.0ms | ActiveRecord: 0.6ms | Allocations: 5705)


Started GET "/positions" for 127.0.0.1 at 2021-06-09 02:09:42 +0000
Processing by PositionsController#index as HTML
  Rendering layout layouts/application.html.erb
  Rendering positions/index.html.erb within layouts/application
  [1m[36mPosition Load (1.8ms)[0m  [1m[34mSELECT "positions".* FROM "positions" ORDER BY "positions"."name" DESC[0m
  ↳ app/views/positions/index.html.erb:14
  Rendered positions/index.html.erb within layouts/application (Duration: 5.8ms | Allocations: 1063)
[Webpacker] Everything's up-to-date. Nothing to do
  Rendered layout layouts/application.html.erb (Duration: 60.9ms | Allocations: 5576)
Completed 200 OK in 64ms (Views: 60.5ms | ActiveRecord: 1.8ms | Allocations: 6114)


Started GET "/positions/new" for 127.0.0.1 at 2021-06-09 02:09:45 +0000
Processing by PositionsController#new as HTML
  Rendering layout layouts/application.html.erb
  Rendering positions/new.html.erb within layouts/application
  Rendered positions/_form.html.erb (Duration: 1.4ms | Allocations: 497)
  Rendered positions/new.html.erb within layouts/application (Duration: 2.4ms | Allocations: 607)
[Webpacker] Everything's up-to-date. Nothing to do
  Rendered layout layouts/application.html.erb (Duration: 80.3ms | Allocations: 5111)
Completed 200 OK in 89ms (Views: 88.1ms | ActiveRecord: 0.0ms | Allocations: 5504)


Started POST "/positions" for 127.0.0.1 at 2021-06-09 02:09:54 +0000
Processing by PositionsController#create as HTML
  Parameters: {"authenticity_token"=>"[FILTERED]", "position"=>{"name"=>"Backend Intern"}, "commit"=>"Create Position"}
  [1m[36mTRANSACTION (1.1ms)[0m  [1m[35mBEGIN[0m
  ↳ app/controllers/positions_controller.rb:27:in `block in create'
  [1m[36mPosition Create (1.1ms)[0m  [1m[32mINSERT INTO "positions" ("name", "created_at", "updated_at") VALUES ($1, $2, $3) RETURNING "id"[0m  [["name", "Backend Intern"], ["created_at", "2021-06-09 02:09:54.316024"], ["updated_at", "2021-06-09 02:09:54.316024"]]
  ↳ app/controllers/positions_controller.rb:27:in `block in create'
  [1m[36mTRANSACTION (1.3ms)[0m  [1m[35mCOMMIT[0m
  ↳ app/controllers/positions_controller.rb:27:in `block in create'
Redirected to http://127.0.0.1:3000/positions/4
Completed 302 Found in 13ms (ActiveRecord: 3.4ms | Allocations: 2618)


Started GET "/positions/4" for 127.0.0.1 at 2021-06-09 02:09:54 +0000
Processing by PositionsController#show as HTML
  Parameters: {"id"=>"4"}
  [1m[36mPosition Load (1.4ms)[0m  [1m[34mSELECT "positions".* FROM "positions" WHERE "positions"."id" = $1 LIMIT $2[0m  [["id", 4], ["LIMIT", 1]]
  ↳ app/controllers/positions_controller.rb:62:in `set_position'
  Rendering layout layouts/application.html.erb
  Rendering positions/show.html.erb within layouts/application
  Rendered positions/show.html.erb within layouts/application (Duration: 0.5ms | Allocations: 104)
[Webpacker] Everything's up-to-date. Nothing to do
  Rendered layout layouts/application.html.erb (Duration: 79.7ms | Allocations: 4603)
Completed 200 OK in 88ms (Views: 81.2ms | ActiveRecord: 1.4ms | Allocations: 5692)


Started GET "/positions/4/edit" for 127.0.0.1 at 2021-06-09 02:09:56 +0000
Processing by PositionsController#edit as HTML
  Parameters: {"id"=>"4"}
  [1m[36mPosition Load (2.3ms)[0m  [1m[34mSELECT "positions".* FROM "positions" WHERE "positions"."id" = $1 LIMIT $2[0m  [["id", 4], ["LIMIT", 1]]
  ↳ app/controllers/positions_controller.rb:62:in `set_position'
  Rendering layout layouts/application.html.erb
  Rendering positions/edit.html.erb within layouts/application
  Rendered positions/_form.html.erb (Duration: 2.4ms | Allocations: 524)
  Rendered positions/edit.html.erb within layouts/application (Duration: 3.8ms | Allocations: 660)
[Webpacker] Everything's up-to-date. Nothing to do
  Rendered layout layouts/application.html.erb (Duration: 67.4ms | Allocations: 5158)
Completed 200 OK in 76ms (Views: 68.9ms | ActiveRecord: 2.3ms | Allocations: 6242)


Started GET "/positions/4" for 127.0.0.1 at 2021-06-09 02:09:58 +0000
Processing by PositionsController#show as HTML
  Parameters: {"id"=>"4"}
  [1m[36mPosition Load (0.7ms)[0m  [1m[34mSELECT "positions".* FROM "positions" WHERE "positions"."id" = $1 LIMIT $2[0m  [["id", 4], ["LIMIT", 1]]
  ↳ app/controllers/positions_controller.rb:62:in `set_position'
  Rendering layout layouts/application.html.erb
  Rendering positions/show.html.erb within layouts/application
  Rendered positions/show.html.erb within layouts/application (Duration: 0.5ms | Allocations: 102)
[Webpacker] Everything's up-to-date. Nothing to do
  Rendered layout layouts/application.html.erb (Duration: 54.8ms | Allocations: 4601)
Completed 200 OK in 61ms (Views: 56.0ms | ActiveRecord: 0.7ms | Allocations: 5685)


Started GET "/positions" for 127.0.0.1 at 2021-06-09 02:09:59 +0000
Processing by PositionsController#index as HTML
  Rendering layout layouts/application.html.erb
  Rendering positions/index.html.erb within layouts/application
  [1m[36mPosition Load (1.5ms)[0m  [1m[34mSELECT "positions".* FROM "positions" ORDER BY "positions"."name" DESC[0m
  ↳ app/views/positions/index.html.erb:14
  Rendered positions/index.html.erb within layouts/application (Duration: 4.6ms | Allocations: 1175)
[Webpacker] Everything's up-to-date. Nothing to do
  Rendered layout layouts/application.html.erb (Duration: 60.1ms | Allocations: 5678)
Completed 200 OK in 63ms (Views: 59.9ms | ActiveRecord: 1.5ms | Allocations: 6217)


Started GET "/positions/new" for 127.0.0.1 at 2021-06-09 02:11:05 +0000
Processing by PositionsController#new as HTML
  Rendering layout layouts/application.html.erb
  Rendering positions/new.html.erb within layouts/application
  Rendered positions/_form.html.erb (Duration: 1.1ms | Allocations: 497)
  Rendered positions/new.html.erb within layouts/application (Duration: 1.9ms | Allocations: 607)
[Webpacker] Everything's up-to-date. Nothing to do
  Rendered layout layouts/application.html.erb (Duration: 59.7ms | Allocations: 5113)
Completed 200 OK in 62ms (Views: 61.3ms | ActiveRecord: 0.0ms | Allocations: 5506)


Started GET "/positions" for 127.0.0.1 at 2021-06-09 02:11:08 +0000
Processing by PositionsController#index as HTML
  Rendering layout layouts/application.html.erb
  Rendering positions/index.html.erb within layouts/application
  [1m[36mPosition Load (1.8ms)[0m  [1m[34mSELECT "positions".* FROM "positions" ORDER BY "positions"."name" DESC[0m
  ↳ app/views/positions/index.html.erb:14
  Rendered positions/index.html.erb within layouts/application (Duration: 6.0ms | Allocations: 1175)
[Webpacker] Everything's up-to-date. Nothing to do
  Rendered layout layouts/application.html.erb (Duration: 65.5ms | Allocations: 5682)
Completed 200 OK in 69ms (Views: 65.1ms | ActiveRecord: 1.8ms | Allocations: 6220)


Started GET "/positions" for 127.0.0.1 at 2021-06-09 02:11:44 +0000
Processing by PositionsController#index as HTML
  Rendering layout layouts/application.html.erb
  Rendering positions/index.html.erb within layouts/application
  [1m[36mPosition Load (2.4ms)[0m  [1m[34mSELECT "positions".* FROM "positions" ORDER BY "positions"."name" DESC[0m
  ↳ app/views/positions/index.html.erb:14
  Rendered positions/index.html.erb within layouts/application (Duration: 25.6ms | Allocations: 3057)
[Webpacker] Everything's up-to-date. Nothing to do
  Rendered layout layouts/application.html.erb (Duration: 114.0ms | Allocations: 7541)
Completed 200 OK in 124ms (Views: 103.6ms | ActiveRecord: 15.0ms | Allocations: 8904)


Started GET "/positions/3" for 127.0.0.1 at 2021-06-09 02:13:50 +0000
Processing by PositionsController#show as HTML
  Parameters: {"id"=>"3"}
  [1m[36mPosition Load (1.0ms)[0m  [1m[34mSELECT "positions".* FROM "positions" WHERE "positions"."id" = $1 LIMIT $2[0m  [["id", 3], ["LIMIT", 1]]
  ↳ app/controllers/positions_controller.rb:62:in `set_position'
  Rendering layout layouts/application.html.erb
  Rendering positions/show.html.erb within layouts/application
  Rendered positions/show.html.erb within layouts/application (Duration: 2.2ms | Allocations: 112)
[Webpacker] Everything's up-to-date. Nothing to do
  Rendered layout layouts/application.html.erb (Duration: 111.9ms | Allocations: 4601)
Completed 200 OK in 145ms (Views: 113.6ms | ActiveRecord: 13.2ms | Allocations: 8327)


Started GET "/positions/3/edit" for 127.0.0.1 at 2021-06-09 02:13:53 +0000
Processing by PositionsController#edit as HTML
  Parameters: {"id"=>"3"}
  [1m[36mPosition Load (1.0ms)[0m  [1m[34mSELECT "positions".* FROM "positions" WHERE "positions"."id" = $1 LIMIT $2[0m  [["id", 3], ["LIMIT", 1]]
  ↳ app/controllers/positions_controller.rb:62:in `set_position'
  Rendering layout layouts/application.html.erb
  Rendering positions/edit.html.erb within layouts/application
  Rendered positions/_form.html.erb (Duration: 1.9ms | Allocations: 578)
  Rendered positions/edit.html.erb within layouts/application (Duration: 3.1ms | Allocations: 715)
[Webpacker] Everything's up-to-date. Nothing to do
  Rendered layout layouts/application.html.erb (Duration: 69.6ms | Allocations: 5221)
Completed 200 OK in 83ms (Views: 76.8ms | ActiveRecord: 1.0ms | Allocations: 6305)


Started GET "/positions/3" for 127.0.0.1 at 2021-06-09 02:13:57 +0000
Processing by PositionsController#show as HTML
  Parameters: {"id"=>"3"}
  [1m[36mPosition Load (0.8ms)[0m  [1m[34mSELECT "positions".* FROM "positions" WHERE "positions"."id" = $1 LIMIT $2[0m  [["id", 3], ["LIMIT", 1]]
  ↳ app/controllers/positions_controller.rb:62:in `set_position'
  Rendering layout layouts/application.html.erb
  Rendering positions/show.html.erb within layouts/application
  Rendered positions/show.html.erb within layouts/application (Duration: 0.5ms | Allocations: 102)
[Webpacker] Everything's up-to-date. Nothing to do
  Rendered layout layouts/application.html.erb (Duration: 51.2ms | Allocations: 4601)
Completed 200 OK in 57ms (Views: 52.5ms | ActiveRecord: 0.8ms | Allocations: 5685)


Started GET "/positions/3/edit" for 127.0.0.1 at 2021-06-09 02:14:00 +0000
Processing by PositionsController#edit as HTML
  Parameters: {"id"=>"3"}
  [1m[36mPosition Load (0.7ms)[0m  [1m[34mSELECT "positions".* FROM "positions" WHERE "positions"."id" = $1 LIMIT $2[0m  [["id", 3], ["LIMIT", 1]]
  ↳ app/controllers/positions_controller.rb:62:in `set_position'
  Rendering layout layouts/application.html.erb
  Rendering positions/edit.html.erb within layouts/application
  Rendered positions/_form.html.erb (Duration: 1.5ms | Allocations: 524)
  Rendered positions/edit.html.erb within layouts/application (Duration: 2.6ms | Allocations: 660)
[Webpacker] Everything's up-to-date. Nothing to do
  Rendered layout layouts/application.html.erb (Duration: 63.4ms | Allocations: 5158)
Completed 200 OK in 70ms (Views: 65.2ms | ActiveRecord: 0.7ms | Allocations: 6242)


Started GET "/positions" for 127.0.0.1 at 2021-06-09 02:14:01 +0000
Processing by PositionsController#index as HTML
  Rendering layout layouts/application.html.erb
  Rendering positions/index.html.erb within layouts/application
  [1m[36mPosition Load (1.1ms)[0m  [1m[34mSELECT "positions".* FROM "positions" ORDER BY "positions"."name" DESC[0m
  ↳ app/views/positions/index.html.erb:14
  Rendered positions/index.html.erb within layouts/application (Duration: 4.3ms | Allocations: 1177)
[Webpacker] Everything's up-to-date. Nothing to do
  Rendered layout layouts/application.html.erb (Duration: 66.3ms | Allocations: 5680)
Completed 200 OK in 69ms (Views: 66.3ms | ActiveRecord: 1.1ms | Allocations: 6218)


Started GET "/positions/2/edit" for 127.0.0.1 at 2021-06-09 02:14:06 +0000
Processing by PositionsController#edit as HTML
  Parameters: {"id"=>"2"}
  [1m[36mPosition Load (0.8ms)[0m  [1m[34mSELECT "positions".* FROM "positions" WHERE "positions"."id" = $1 LIMIT $2[0m  [["id", 2], ["LIMIT", 1]]
  ↳ app/controllers/positions_controller.rb:62:in `set_position'
  Rendering layout layouts/application.html.erb
  Rendering positions/edit.html.erb within layouts/application
  Rendered positions/_form.html.erb (Duration: 2.7ms | Allocations: 524)
  Rendered positions/edit.html.erb within layouts/application (Duration: 4.8ms | Allocations: 660)
[Webpacker] Everything's up-to-date. Nothing to do
  Rendered layout layouts/application.html.erb (Duration: 62.2ms | Allocations: 5158)
Completed 200 OK in 70ms (Views: 64.9ms | ActiveRecord: 0.8ms | Allocations: 6242)


Started GET "/positions/2" for 127.0.0.1 at 2021-06-09 02:14:08 +0000
Processing by PositionsController#show as HTML
  Parameters: {"id"=>"2"}
  [1m[36mPosition Load (0.7ms)[0m  [1m[34mSELECT "positions".* FROM "positions" WHERE "positions"."id" = $1 LIMIT $2[0m  [["id", 2], ["LIMIT", 1]]
  ↳ app/controllers/positions_controller.rb:62:in `set_position'
  Rendering layout layouts/application.html.erb
  Rendering positions/show.html.erb within layouts/application
  Rendered positions/show.html.erb within layouts/application (Duration: 0.5ms | Allocations: 102)
[Webpacker] Everything's up-to-date. Nothing to do
  Rendered layout layouts/application.html.erb (Duration: 56.6ms | Allocations: 4609)
Completed 200 OK in 64ms (Views: 58.4ms | ActiveRecord: 0.7ms | Allocations: 5693)


Started GET "/positions" for 127.0.0.1 at 2021-06-09 02:14:10 +0000
Processing by PositionsController#index as HTML
  Rendering layout layouts/application.html.erb
  Rendering positions/index.html.erb within layouts/application
  [1m[36mPosition Load (1.2ms)[0m  [1m[34mSELECT "positions".* FROM "positions" ORDER BY "positions"."name" DESC[0m
  ↳ app/views/positions/index.html.erb:14
  Rendered positions/index.html.erb within layouts/application (Duration: 4.9ms | Allocations: 1175)
[Webpacker] Everything's up-to-date. Nothing to do
  Rendered layout layouts/application.html.erb (Duration: 60.1ms | Allocations: 5682)
Completed 200 OK in 64ms (Views: 60.3ms | ActiveRecord: 1.2ms | Allocations: 6220)


